============================================================
STEP 1: Running simulation (5 runs) ...
============================================================
Running simulation 1/5 (seed=1) -> /Users/samkit/Desktop/Research/Simulation/3x3x3_simulation/output/sim_001.csv
  Inter-octahedron ball joints: 54
  Total ball joints (inter-oct + sphere-oct): 72
  Simulation ran to completion (no early stop).
  Done. Rows written: 36000
Running simulation 2/5 (seed=2) -> /Users/samkit/Desktop/Research/Simulation/3x3x3_simulation/output/sim_002.csv
  Inter-octahedron ball joints: 54
  Total ball joints (inter-oct + sphere-oct): 72
  Simulation ran to completion (no early stop).
  Done. Rows written: 36000
Running simulation 3/5 (seed=3) -> /Users/samkit/Desktop/Research/Simulation/3x3x3_simulation/output/sim_003.csv
  Inter-octahedron ball joints: 54
  Total ball joints (inter-oct + sphere-oct): 72
  Simulation ran to completion (no early stop).
  Done. Rows written: 36000
Running simulation 4/5 (seed=4) -> /Users/samkit/Desktop/Research/Simulation/3x3x3_simulation/output/sim_004.csv
  Inter-octahedron ball joints: 54
  Total ball joints (inter-oct + sphere-oct): 72
  Simulation ran to completion (no early stop).
  Done. Rows written: 36000
Running simulation 5/5 (seed=5) -> /Users/samkit/Desktop/Research/Simulation/3x3x3_simulation/output/sim_005.csv
  Inter-octahedron ball joints: 54
  Total ball joints (inter-oct + sphere-oct): 72
  Simulation ran to completion (no early stop).
  Done. Rows written: 36000

Simulation complete in 805.9s.
  -> /Users/samkit/Desktop/Research/Simulation/3x3x3_simulation/output/sim_001.csv
  -> /Users/samkit/Desktop/Research/Simulation/3x3x3_simulation/output/sim_002.csv
  -> /Users/samkit/Desktop/Research/Simulation/3x3x3_simulation/output/sim_003.csv
  -> /Users/samkit/Desktop/Research/Simulation/3x3x3_simulation/output/sim_004.csv
  -> /Users/samkit/Desktop/Research/Simulation/3x3x3_simulation/output/sim_005.csv

============================================================
Pipeline finished. Outputs in output/
  CSVs:       output/sim_*.csv
  Front view: output/front_view/collapse_*.mp4
  Tilt plot:  output/tilt_angles.png
============================================================
